{"level":"info","message":"GET /managers ::1 404","timestamp":"2025-06-27 23:56:03"}
{"level":"info","message":"GET /managers ::1 404","timestamp":"2025-06-27 23:58:09"}
{"level":"info","message":"GET /rounds ::1 404","timestamp":"2025-06-27 23:58:10"}
{"level":"info","message":"GET /managers ::1 404","timestamp":"2025-06-27 23:58:10"}
{"level":"info","message":"POST /auth/register ::1 404","timestamp":"2025-06-28 00:01:04"}
{"level":"info","message":"GET /rounds ::1 404","timestamp":"2025-06-28 00:01:07"}
{"level":"info","message":"GET /managers ::1 404","timestamp":"2025-06-28 00:01:07"}
{"level":"info","message":"GET /managers ::1 404","timestamp":"2025-06-28 00:01:09"}
{"level":"info","message":"GET /rounds ::1 404","timestamp":"2025-06-28 00:01:18"}
{"level":"info","message":"GET /managers ::1 404","timestamp":"2025-06-28 00:01:18"}
{"level":"info","message":"GET /rounds ::1 404","timestamp":"2025-06-28 00:01:25"}
{"level":"info","message":"GET /managers ::1 404","timestamp":"2025-06-28 00:01:25"}
{"level":"info","message":"POST /auth/login ::1 404","timestamp":"2025-06-28 00:01:36"}
{"level":"info","message":"POST /auth/login ::1 404","timestamp":"2025-06-28 00:01:56"}
{"level":"info","message":"POST /auth/login ::1 404","timestamp":"2025-06-28 00:01:59"}
{"level":"info","message":"POST /auth/login ::1 404","timestamp":"2025-06-28 00:02:05"}
{"level":"info","message":"POST /auth/login ::1 404","timestamp":"2025-06-28 00:02:41"}
{"level":"info","message":"GET /rounds ::1 404","timestamp":"2025-06-28 00:02:46"}
{"level":"info","message":"GET /managers ::1 404","timestamp":"2025-06-28 00:02:46"}
{"level":"info","message":"GET /managers ::1 404","timestamp":"2025-06-28 00:02:47"}
{"level":"info","message":"POST /auth/login ::1 404","timestamp":"2025-06-28 00:02:55"}
{"level":"info","message":"POST /auth/login ::1 404","timestamp":"2025-06-28 00:02:55"}
{"level":"info","message":"POST /auth/login ::1 404","timestamp":"2025-06-28 00:02:56"}
{"level":"info","message":"POST /auth/login ::1 404","timestamp":"2025-06-28 00:02:56"}
{"level":"info","message":"POST /auth/register ::1 404","timestamp":"2025-06-28 00:03:14"}
{"level":"info","message":"POST /auth/register ::1 404","timestamp":"2025-06-28 00:04:52"}
{"level":"info","message":"POST /api/auth/register ::1 201","timestamp":"2025-06-28 00:05:52"}
{"level":"info","message":"GET /api/rounds ::1 401","timestamp":"2025-06-28 00:06:03"}
{"level":"info","message":"GET /api/managers ::1 401","timestamp":"2025-06-28 00:06:03"}
{"level":"info","message":"POST /api/auth/login ::1 200","timestamp":"2025-06-28 00:06:09"}
{"level":"info","message":"GET /api/managers ::1 200","timestamp":"2025-06-28 00:06:10"}
{"level":"info","message":"GET /api/managers/685e8173ab1004d55f959005 ::1 200","timestamp":"2025-06-28 00:06:16"}
{"level":"info","message":"PUT /api/managers/685e8173ab1004d55f959005 ::1 422","timestamp":"2025-06-28 00:06:22"}
{"level":"info","message":"GET /api/managers/685e8173ab1004d55f959005 ::1 304","timestamp":"2025-06-28 00:06:22"}
{"level":"info","message":"PUT /api/managers/685e8173ab1004d55f959005 ::1 200","timestamp":"2025-06-28 00:06:24"}
{"level":"info","message":"GET /api/managers/685e8173ab1004d55f959005 ::1 200","timestamp":"2025-06-28 00:06:24"}
{"level":"info","message":"GET /api/managers/685e8564410eb6b54f5955a2 ::1 200","timestamp":"2025-06-28 00:06:29"}
{"level":"info","message":"GET /api/rounds ::1 200","timestamp":"2025-06-28 00:06:38"}
{"level":"info","message":"POST /api/rounds ::1 422","timestamp":"2025-06-28 00:06:46"}
{"level":"info","message":"GET /api/rounds ::1 304","timestamp":"2025-06-28 00:06:46"}
{"level":"info","message":"GET /api/managers ::1 200","timestamp":"2025-06-28 00:06:46"}
{"level":"info","message":"POST /api/rounds ::1 201","timestamp":"2025-06-28 00:06:48"}
{"level":"info","message":"GET /api/rounds ::1 200","timestamp":"2025-06-28 00:06:48"}
{"level":"info","message":"GET /api/managers ::1 200","timestamp":"2025-06-28 00:06:48"}
{"level":"info","message":"GET /api/managers ::1 304","timestamp":"2025-06-28 00:10:22"}
{"level":"info","message":"GET /api/managers/685e856d410eb6b54f5955a4 ::1 200","timestamp":"2025-06-28 00:10:24"}
{"level":"info","message":"PUT /api/managers/685e856d410eb6b54f5955a4 ::1 200","timestamp":"2025-06-28 00:10:27"}
{"level":"info","message":"GET /api/managers/685e856d410eb6b54f5955a4 ::1 200","timestamp":"2025-06-28 00:10:27"}
{"level":"info","message":"GET /api/managers ::1 200","timestamp":"2025-06-28 00:10:29"}
{"level":"info","message":"GET /api/rounds ::1 304","timestamp":"2025-06-28 00:10:36"}
{"level":"info","message":"POST /api/rounds ::1 422","timestamp":"2025-06-28 00:10:41"}
{"level":"info","message":"GET /api/rounds ::1 304","timestamp":"2025-06-28 00:10:41"}
{"level":"info","message":"GET /api/managers ::1 304","timestamp":"2025-06-28 00:10:41"}
{"level":"info","message":"POST /api/rounds ::1 422","timestamp":"2025-06-28 00:10:42"}
{"level":"info","message":"GET /api/rounds ::1 304","timestamp":"2025-06-28 00:10:42"}
{"level":"info","message":"GET /api/managers ::1 304","timestamp":"2025-06-28 00:10:42"}
{"level":"info","message":"POST /api/rounds ::1 422","timestamp":"2025-06-28 00:10:44"}
{"level":"info","message":"GET /api/rounds ::1 304","timestamp":"2025-06-28 00:10:44"}
{"level":"info","message":"GET /api/managers ::1 304","timestamp":"2025-06-28 00:10:44"}
{"level":"info","message":"POST /api/rounds ::1 422","timestamp":"2025-06-28 00:10:52"}
{"level":"info","message":"GET /api/rounds ::1 304","timestamp":"2025-06-28 00:10:52"}
{"level":"info","message":"GET /api/managers ::1 304","timestamp":"2025-06-28 00:10:52"}
{"level":"info","message":"POST /api/rounds ::1 422","timestamp":"2025-06-28 00:10:53"}
{"level":"info","message":"GET /api/rounds ::1 304","timestamp":"2025-06-28 00:10:53"}
{"level":"info","message":"GET /api/managers ::1 304","timestamp":"2025-06-28 00:10:53"}
{"level":"info","message":"GET /api/rounds ::1 304","timestamp":"2025-06-28 00:11:47"}
{"level":"info","message":"GET /api/managers ::1 304","timestamp":"2025-06-28 00:11:47"}
{"level":"info","message":"GET /api/rounds ::1 401","timestamp":"2025-06-28 00:12:34"}
{"level":"info","message":"GET /api/managers ::1 401","timestamp":"2025-06-28 00:12:34"}
{"level":"info","message":"GET /api/managers ::1 401","timestamp":"2025-06-28 00:12:44"}
{"level":"info","message":"GET /api/rounds ::1 401","timestamp":"2025-06-28 00:12:45"}
{"level":"info","message":"GET /api/managers ::1 401","timestamp":"2025-06-28 00:12:45"}
{"level":"info","message":"GET /api/managers ::1 401","timestamp":"2025-06-28 00:12:50"}
{"level":"info","message":"GET /api/rounds ::1 401","timestamp":"2025-06-28 00:12:51"}
{"level":"info","message":"GET /api/managers ::1 401","timestamp":"2025-06-28 00:12:51"}
{"level":"info","message":"POST /api/auth/login ::1 200","timestamp":"2025-06-28 00:12:57"}
{"level":"info","message":"GET /api/managers ::1 304","timestamp":"2025-06-28 00:13:00"}
{"level":"info","message":"GET /api/rounds ::1 304","timestamp":"2025-06-28 00:13:01"}
